<?xml version="1.0" encoding="UTF-8"?>
<!-- Generated by org.testng.reporters.JUnitXMLReporter -->
<testsuite ignored="0" hostname="LMC-LT-102" failures="1" tests="1" name="Test" time="0.039" errors="0" timestamp="2023-04-29T19:25:23 IST">
  <testcase classname="testid.testid.JenkinsSum" name="sumof" time="0.008">
    <failure type="java.lang.NumberFormatException" message="Cannot parse null string">
      <![CDATA[java.lang.NumberFormatException: Cannot parse null string
at java.base/java.lang.Integer.parseInt(Integer.java:630)
at java.base/java.lang.Integer.parseInt(Integer.java:786)
at testid.testid.JenkinsSum.sumof(JenkinsSum.java:10)
at java.base/java.util.ArrayList.forEach(ArrayList.java:1511)
... Removed 27 stack frames]]>
    </failure>
  </testcase> <!-- sumof -->
</testsuite> <!-- Test -->
